<?xml version="1.0" encoding="UTF-8"?>
<testng-results skipped="0" failed="0" ignored="0" total="1" passed="1">
  <reporter-output>
  </reporter-output>
  <suite name="Default suite" duration-ms="3471" started-at="2021-02-24T16:27:44 IST" finished-at="2021-02-24T16:27:47 IST">
    <groups>
    </groups>
    <test name="Default test" duration-ms="3471" started-at="2021-02-24T16:27:44 IST" finished-at="2021-02-24T16:27:47 IST">
      <class name="Test_Delete">
        <test-method status="PASS" signature="delete_Test()[pri:0, instance:Test_Delete@30b8a058]" name="delete_Test" duration-ms="3421" started-at="2021-02-24T16:27:44 IST" finished-at="2021-02-24T16:27:47 IST">
          <reporter-output>
          </reporter-output>
        </test-method> <!-- delete_Test -->
      </class> <!-- Test_Delete -->
    </test> <!-- Default test -->
  </suite> <!-- Default suite -->
</testng-results>
